Client 4 has connected
Client 7747 calculated 0.000000 + 2.000000 = 2.000000
Client 5 has connected
Client 7747 calculated 4.000000 + 2.000000 = 6.000000
Client 4 has disconnected
Client 7747 calculated 2.000000 + 2.000000 = 4.000000
Client 11571 calculated 0.000000 + 2.000000 = 2.000000
Client 11640 calculated 0.000000 + 1.000000 = 1.000000
Client 11640 has disconnected
Client 11643 calculated 0.000000 + 2.000000 = 2.000000
Client 12109 calculated 0.000000 + 2.000000 = 2.000000
Client 12111 calculated 0.000000 + 2.000000 = 2.000000
Client 12111 calculated 2.000000 + 2.000000 = 4.000000
Client 12111 has disconnected
Client 12109 has disconnected
Client 12124 calculated 0.000000 + 2.000000 = 2.000000
Client 12124 calculated 2.000000 6 2.000000 = 2.000000
Client 12124 calculated 2.000000 + 2.000000 = 4.000000
Client 12124 calculated 4.000000 + 2.000000 = 6.000000
Client 12126 calculated 0.000000 + 2.000000 = 2.000000
Client 13236 calculated 0.000000 + 2.000000 = 2.000000
Client 13236 calculated 2.000000 + 2.000000 = 4.000000
Client 13236 calculated 4.000000 + 2.000000 = 6.000000
Client 13236 calculated 6.000000 + 2.000000 = 8.000000
Client 13236 calculated 8.000000 + 2.000000 = 10.000000
Client 13236 calculated 10.000000 + 2.000000 = 12.000000
Client 13236 calculated 12.000000 + 2.000000 = 14.000000
Client 13236 calculated 14.000000 + 2.000000 = 16.000000
Client 13236 calculated 16.000000 + 2.000000 = 18.000000
Client 13236 has disconnected
Client 13395 calculated 0.000000 + 2.000000 = 2.000000
Client 13395 has disconnected
Client 13419 calculated 0.000000 + 2.000000 = 2.000000
Client 13419 calculated 2.000000 - 3.000000 = -1.000000
Client 13419 calculated -1.000000 + 4.000000 = 3.000000
Client 13419 calculated 3.000000 / 3.000000 = 1.000000
Client 13419 has disconnected
